<?xml version="1.0" encoding="UTF-8"?>
<!-- Generated by org.testng.reporters.JUnitReportReporter -->
<testsuite skipped="0" hostname="User-PC" name="UsefullTricks.GetAllTweets" tests="1" failures="0" timestamp="23 Jan 2018 12:05:02 GMT" time="2.267" errors="0">
  <testcase name="allTweets" time="2.267" classname="UsefullTricks.GetAllTweets"/>
</testsuite> <!-- UsefullTricks.GetAllTweets -->
