<?xml version="1.0" encoding="UTF-8"?>
<!-- Generated by org.testng.reporters.JUnitReportReporter -->
<testsuite skipped="2" hostname="User-PC" name="checking.RestApi.TestEmployee" tests="3" failures="0" timestamp="08 Aug 2018 09:54:57 GMT" time="1.689" errors="0">
  <testcase name="employeeDetails" time="1.689" classname="checking.RestApi.TestEmployee"/>
  <testcase name="createEmployee" classname="checking.RestApi.TestEmployee">
    <skipped/>
  </testcase> <!-- createEmployee -->
  <testcase name="updateEmployee" classname="checking.RestApi.TestEmployee">
    <skipped/>
  </testcase> <!-- updateEmployee -->
</testsuite> <!-- checking.RestApi.TestEmployee -->
