<?xml version="1.0" encoding="UTF-8"?>
<!-- Generated by org.testng.reporters.JUnitReportReporter -->
<testsuite skipped="0" hostname="DESKTOP-J838PBO" name="logRequestAndResponse.LogResponse" tests="1" failures="0" timestamp="21 Jan 2018 11:57:07 GMT" time="2.773" errors="0">
  <testcase name="testMethod" time="2.773" classname="logRequestAndResponse.LogResponse"/>
</testsuite> <!-- logRequestAndResponse.LogResponse -->
