<?xml version="1.0" encoding="UTF-8"?>
<!-- Generated by org.testng.reporters.JUnitReportReporter -->
<testsuite skipped="1" hostname="DESKTOP-J838PBO" name="checking.RestApi.TwitterE2EFlow" tests="4" failures="0" timestamp="21 Jan 2018 05:09:01 GMT" time="5.990" errors="0">
  <testcase name="postTweet" time="3.498" classname="checking.RestApi.TwitterE2EFlow"/>
  <testcase name="readTweet" time="0.792" classname="checking.RestApi.TwitterE2EFlow"/>
  <testcase name="deleteTweetAnotherWay" time="1.700" classname="checking.RestApi.TwitterE2EFlow"/>
  <testcase name="deleteTweet" classname="checking.RestApi.TwitterE2EFlow">
    <skipped/>
  </testcase> <!-- deleteTweet -->
</testsuite> <!-- checking.RestApi.TwitterE2EFlow -->
