<?xml version="1.0" encoding="UTF-8"?>
<!-- Generated by org.testng.reporters.JUnitReportReporter -->
<testsuite skipped="1" hostname="DESKTOP-J838PBO" name="checking.RestApi.CheckingGet" tests="2" failures="0" timestamp="21 Jan 2018 06:28:54 GMT" time="3.065" errors="0">
  <testcase name="getresponse" time="3.065" classname="checking.RestApi.CheckingGet"/>
  <testcase name="checkStatus" classname="checking.RestApi.CheckingGet">
    <skipped/>
  </testcase> <!-- checkStatus -->
</testsuite> <!-- checking.RestApi.CheckingGet -->
