<?xml version="1.0" encoding="UTF-8"?>
<!-- Generated by org.testng.reporters.JUnitReportReporter -->
<testsuite skipped="0" hostname="User-PC" name="checking.RestApi.ToolsQa" tests="1" failures="0" timestamp="03 Aug 2018 07:42:04 GMT" time="1.912" errors="0">
  <testcase name="testPostRequestWithJsonFile" time="1.912" classname="checking.RestApi.ToolsQa"/>
</testsuite> <!-- checking.RestApi.ToolsQa -->
