<?xml version="1.0" encoding="UTF-8"?>
<!-- Generated by org.testng.reporters.JUnitReportReporter -->
<testsuite skipped="0" hostname="User-PC" name="UsefullTricks.RootPathUse" tests="2" failures="0" timestamp="23 Jan 2018 12:22:36 GMT" time="2.652" errors="0">
  <testcase name="validateUsingRootPath" time="0.588" classname="UsefullTricks.RootPathUse"/>
  <testcase name="allTweets" time="2.064" classname="UsefullTricks.RootPathUse"/>
</testsuite> <!-- UsefullTricks.RootPathUse -->
