<?xml version="1.0" encoding="UTF-8"?>
<!-- Generated by org.testng.reporters.JUnitReportReporter -->
<testsuite skipped="0" hostname="User-PC" name="checking.RestApi.ToolsQa" tests="1" failures="0" timestamp="19 Jan 2018 11:16:42 GMT" time="2.194" errors="0">
  <testcase name="f" time="2.194" classname="checking.RestApi.ToolsQa"/>
</testsuite> <!-- checking.RestApi.ToolsQa -->
