<?xml version="1.0" encoding="UTF-8"?>
<!-- Generated by org.testng.reporters.JUnitReportReporter -->
<testsuite skipped="0" hostname="User-PC" name="checking.RestApi.ValidteResponse" tests="1" failures="0" timestamp="16 Jan 2018 12:00:03 GMT" time="16.403" errors="0">
  <testcase name="checkStatus" time="16.403" classname="checking.RestApi.ValidteResponse"/>
</testsuite> <!-- checking.RestApi.ValidteResponse -->
