<?xml version="1.0" encoding="UTF-8"?>
<!-- Generated by org.testng.reporters.JUnitReportReporter -->
<testsuite skipped="0" hostname="User-PC" name="AssertExample.TwitterSoftAssert" tests="1" failures="0" timestamp="23 Jan 2018 12:07:48 GMT" time="2.095" errors="0">
  <testcase name="testMethod" time="2.095" classname="AssertExample.TwitterSoftAssert"/>
</testsuite> <!-- AssertExample.TwitterSoftAssert -->
