<?xml version="1.0" encoding="UTF-8"?>
<!-- Generated by org.testng.reporters.JUnitReportReporter -->
<testsuite skipped="0" hostname="User-PC" name="checking.RestApi.ToolsQa" tests="1" failures="0" timestamp="29 Jan 2018 14:03:10 GMT" time="3.329" errors="0">
  <testcase name="postUser" time="3.329" classname="checking.RestApi.ToolsQa"/>
</testsuite> <!-- checking.RestApi.ToolsQa -->
