<?xml version="1.0" encoding="UTF-8"?>
<!-- Generated by org.testng.reporters.JUnitReportReporter -->
<testsuite skipped="0" hostname="User-PC" name="checking.RestApi.TwitterExtractResponce" tests="1" failures="0" timestamp="19 Jan 2018 10:39:01 GMT" time="2.034" errors="0">
  <testcase name="f" time="2.034" classname="checking.RestApi.TwitterExtractResponce"/>
</testsuite> <!-- checking.RestApi.TwitterExtractResponce -->
