<?xml version="1.0" encoding="UTF-8"?>
<!-- Generated by org.testng.reporters.JUnitReportReporter -->
<testsuite skipped="0" hostname="DESKTOP-J838PBO" name="checking.RestApi.ExtractXmlResponse" tests="1" failures="0" timestamp="21 Jan 2018 06:59:06 GMT" time="3.710" errors="0">
  <testcase name="checkStatus" time="3.710" classname="checking.RestApi.ExtractXmlResponse"/>
</testsuite> <!-- checking.RestApi.ExtractXmlResponse -->
