<?xml version="1.0" encoding="UTF-8"?>
<!-- Generated by org.testng.reporters.JUnitReportReporter -->
<testsuite skipped="0" hostname="User-PC" name="checking.RestApi.TwitterApiPost" tests="1" failures="0" timestamp="19 Jan 2018 10:02:10 GMT" time="1.856" errors="0">
  <testcase name="f" time="1.856" classname="checking.RestApi.TwitterApiPost"/>
</testsuite> <!-- checking.RestApi.TwitterApiPost -->
