<?xml version="1.0" encoding="UTF-8"?>
<!-- Generated by org.testng.reporters.JUnitReportReporter -->
<testsuite skipped="0" hostname="DESKTOP-J838PBO" name="checking.RestApi.TwitterApiPost" tests="1" failures="0" timestamp="21 Jan 2018 12:37:02 GMT" time="2.684" errors="0">
  <testcase name="f" time="2.684" classname="checking.RestApi.TwitterApiPost"/>
</testsuite> <!-- checking.RestApi.TwitterApiPost -->
