<?xml version="1.0" encoding="UTF-8"?>
<!-- Generated by org.testng.reporters.JUnitReportReporter -->
<testsuite skipped="1" hostname="User-PC" name="checking.RestApi.CheckingGet" tests="2" failures="0" timestamp="17 Jan 2018 11:56:27 GMT" time="4.266" errors="0">
  <testcase name="getresponse" time="4.266" classname="checking.RestApi.CheckingGet"/>
  <testcase name="checkStatus" classname="checking.RestApi.CheckingGet">
    <skipped/>
  </testcase> <!-- checkStatus -->
</testsuite> <!-- checking.RestApi.CheckingGet -->
